2018-08-20 15:14:50.281 INFO  (main) [   ] o.e.j.s.Server jetty-9.4.8.v20171121, build timestamp: 2017-11-21T21:27:37Z, git hash: 82b8fb23f757335bb3329d540ce37a2a2615f0a8
2018-08-20 15:14:50.902 INFO  (main) [   ] o.a.s.s.SolrDispatchFilter  ___      _       Welcome to Apache Solr™ version 7.3.1
2018-08-20 15:14:50.903 INFO  (main) [   ] o.a.s.s.SolrDispatchFilter / __| ___| |_ _   Starting in standalone mode on port 8983
2018-08-20 15:14:50.903 INFO  (main) [   ] o.a.s.s.SolrDispatchFilter \__ \/ _ \ | '_|  Install dir: /home/sidath/Desktop/solr-7.3.1
2018-08-20 15:14:50.935 INFO  (main) [   ] o.a.s.s.SolrDispatchFilter |___/\___/_|_|    Start time: 2018-08-20T15:14:50.906Z
2018-08-20 15:14:50.937 INFO  (main) [   ] o.a.s.u.StartupLoggingUtils Property solr.log.muteconsole given. Muting ConsoleAppender named CONSOLE
2018-08-20 15:14:50.974 INFO  (main) [   ] o.a.s.c.SolrResourceLoader Using system property solr.solr.home: /home/sidath/Desktop/solr-7.3.1/server/solr
2018-08-20 15:14:50.986 INFO  (main) [   ] o.a.s.c.SolrXmlConfig Loading container configuration from /home/sidath/Desktop/solr-7.3.1/server/solr/solr.xml
2018-08-20 15:14:52.150 INFO  (main) [   ] o.a.s.c.CorePropertiesLocator Found 1 core definitions underneath /home/sidath/Desktop/solr-7.3.1/server/solr
2018-08-20 15:14:52.152 INFO  (main) [   ] o.a.s.c.CorePropertiesLocator Cores are: [news]
2018-08-20 15:14:52.163 INFO  (coreLoadExecutor-6-thread-1) [   ] o.a.s.c.TransientSolrCoreCacheDefault Allocating transient cache for 2147483647 transient cores
2018-08-20 15:14:52.289 INFO  (main) [   ] o.e.j.s.Server Started @2937ms
2018-08-20 15:14:52.294 INFO  (coreLoadExecutor-6-thread-1) [   x:news] o.a.s.c.SolrResourceLoader [news] Added 57 libs to classloader, from paths: [/home/sidath/Desktop/solr-7.3.1/contrib/clustering/lib, /home/sidath/Desktop/solr-7.3.1/contrib/extraction/lib, /home/sidath/Desktop/solr-7.3.1/contrib/langid/lib, /home/sidath/Desktop/solr-7.3.1/contrib/velocity/lib, /home/sidath/Desktop/solr-7.3.1/dist]
2018-08-20 15:14:52.662 INFO  (coreLoadExecutor-6-thread-1) [   x:news] o.a.s.c.SolrConfig Using Lucene MatchVersion: 7.3.1
2018-08-20 15:14:53.082 INFO  (coreLoadExecutor-6-thread-1) [   x:news] o.a.s.s.IndexSchema [news] Schema name=default-config
2018-08-20 15:14:54.269 INFO  (coreLoadExecutor-6-thread-1) [   x:news] o.a.s.s.IndexSchema Loaded schema default-config/1.6 with uniqueid field id
2018-08-20 15:14:54.362 INFO  (coreLoadExecutor-6-thread-1) [   x:news] o.a.s.c.CoreContainer Creating SolrCore 'news' using configuration from instancedir /home/sidath/Desktop/solr-7.3.1/server/solr/news, trusted=true
2018-08-20 15:14:54.433 INFO  (coreLoadExecutor-6-thread-1) [   x:news] o.a.s.c.SolrCore solr.RecoveryStrategy.Builder
2018-08-20 15:14:54.443 INFO  (coreLoadExecutor-6-thread-1) [   x:news] o.a.s.c.SolrCore [[news] ] Opening new SolrCore at [/home/sidath/Desktop/solr-7.3.1/server/solr/news], dataDir=[/home/sidath/Desktop/solr-7.3.1/server/solr/news/data/]
2018-08-20 15:14:54.501 INFO  (coreLoadExecutor-6-thread-1) [   x:news] o.a.s.r.XSLTResponseWriter xsltCacheLifetimeSeconds=5
2018-08-20 15:14:55.302 INFO  (coreLoadExecutor-6-thread-1) [   x:news] o.a.s.u.UpdateHandler Using UpdateLog implementation: org.apache.solr.update.UpdateLog
2018-08-20 15:14:55.303 INFO  (coreLoadExecutor-6-thread-1) [   x:news] o.a.s.u.UpdateLog Initializing UpdateLog: dataDir= defaultSyncLevel=FLUSH numRecordsToKeep=100 maxNumLogsToKeep=10 numVersionBuckets=65536
2018-08-20 15:14:55.382 INFO  (coreLoadExecutor-6-thread-1) [   x:news] o.a.s.u.CommitTracker Hard AutoCommit: if uncommited for 15000ms; 
2018-08-20 15:14:55.383 INFO  (coreLoadExecutor-6-thread-1) [   x:news] o.a.s.u.CommitTracker Soft AutoCommit: disabled
2018-08-20 15:14:55.743 INFO  (coreLoadExecutor-6-thread-1) [   x:news] o.a.s.s.SolrIndexSearcher Opening [Searcher@b6b2b43[news] main]
2018-08-20 15:14:55.776 INFO  (coreLoadExecutor-6-thread-1) [   x:news] o.a.s.r.ManagedResourceStorage File-based storage initialized to use dir: /home/sidath/Desktop/solr-7.3.1/server/solr/news/conf
2018-08-20 15:14:55.843 INFO  (coreLoadExecutor-6-thread-1) [   x:news] o.a.s.h.c.SpellCheckComponent Initializing spell checkers
2018-08-20 15:14:55.885 INFO  (coreLoadExecutor-6-thread-1) [   x:news] o.a.s.s.DirectSolrSpellChecker init: {name=default,field=text,classname=solr.DirectSolrSpellChecker,distanceMeasure=internal,accuracy=0.5,minPrefix=1,minQueryLength=3}
2018-08-20 15:14:55.932 INFO  (coreLoadExecutor-6-thread-1) [   x:news] o.a.s.h.ReplicationHandler Commits will be reserved for 10000ms.
2018-08-20 15:14:56.351 INFO  (searcherExecutor-7-thread-1-processing-x:news) [   x:news] o.a.s.c.QuerySenderListener QuerySenderListener sending requests to Searcher@b6b2b43[news] main{ExitableDirectoryReader(UninvertingDirectoryReader(Uninverting(_w(7.3.1):C562)))}
2018-08-20 15:14:56.352 INFO  (searcherExecutor-7-thread-1-processing-x:news) [   x:news] o.a.s.c.QuerySenderListener QuerySenderListener done.
2018-08-20 15:14:56.352 INFO  (searcherExecutor-7-thread-1-processing-x:news) [   x:news] o.a.s.h.c.SpellCheckComponent Loading spell index for spellchecker: default
2018-08-20 15:14:56.406 INFO  (searcherExecutor-7-thread-1-processing-x:news) [   x:news] o.a.s.c.SolrCore [news] Registered new searcher Searcher@b6b2b43[news] main{ExitableDirectoryReader(UninvertingDirectoryReader(Uninverting(_w(7.3.1):C562)))}
2018-08-20 15:14:59.692 INFO  (qtp1908316405-16) [   x:news] o.a.s.c.S.Request [news]  webapp=/solr path=/select params={q=text:thero&hl=on&fl=text&hl.fl=text} hits=14 status=0 QTime=370
2018-08-20 15:15:15.162 INFO  (qtp1908316405-12) [   x:news] o.a.s.c.S.Request [news]  webapp=/solr path=/select params={q=text:chandimal&hl=on&fl=text&hl.fl=text} hits=24 status=0 QTime=31
2018-08-20 15:15:36.918 INFO  (qtp1908316405-13) [   x:news] o.a.s.c.S.Request [news]  webapp=/solr path=/select params={q=text:sirisena&hl=on&fl=text&hl.fl=text} hits=7 status=0 QTime=18
2018-08-20 15:15:56.322 INFO  (qtp1908316405-12) [   x:news] o.a.s.c.S.Request [news]  webapp=/solr path=/select params={q=text:wants&hl=on&fl=text&hl.fl=text} hits=3 status=0 QTime=5
2018-08-20 15:16:10.451 INFO  (qtp1908316405-19) [   x:news] o.a.s.c.S.Request [news]  webapp=/solr path=/select params={q=text:four&hl=on&fl=text&hl.fl=text} hits=84 status=0 QTime=22
2018-08-20 15:16:59.396 INFO  (qtp1908316405-18) [   x:news] o.a.s.c.PluginBag Going to create a new requestHandler with {type = requestHandler,name = /spell,class = solr.SearchHandler,attributes = {startup=lazy, name=/spell, class=solr.SearchHandler},args = {defaults={spellcheck.dictionary=default,spellcheck=on,spellcheck.extendedResults=true,spellcheck.count=10,spellcheck.alternativeTermCount=5,spellcheck.maxResultsForSuggest=5,df=_text_},last-components=[spellcheck]}} 
2018-08-20 15:16:59.466 INFO  (qtp1908316405-18) [   x:news] o.a.s.c.S.Request [news]  webapp=/solr path=/spell params={spellcheck.q=presiden&spellcheck=true} hits=0 status=0 QTime=70
2018-08-20 15:17:19.261 INFO  (qtp1908316405-15) [   x:news] o.a.s.c.S.Request [news]  webapp=/solr path=/select params={q=text:for&_=1534777594530} hits=84 status=0 QTime=2
2018-08-20 15:17:29.239 INFO  (qtp1908316405-13) [   x:news] o.a.s.c.S.Request [news]  webapp=/solr path=/select params={q=text:four&_=1534777594530} hits=84 status=0 QTime=1
2018-08-20 15:18:04.985 INFO  (qtp1908316405-13) [   x:news] o.a.s.c.S.Request [news]  webapp=/solr path=/select params={q=boo?} hits=3 status=0 QTime=19
2018-08-20 15:18:44.107 INFO  (qtp1908316405-20) [   x:news] o.a.s.c.S.Request [news]  webapp=/solr path=/select params={q=text:want&_=1534777594530} hits=3 status=0 QTime=1
2018-08-20 15:19:10.691 INFO  (qtp1908316405-18) [   x:news] o.a.s.c.S.Request [news]  webapp=/solr path=/select params={q=text:pixima&_=1534777594530} hits=7 status=0 QTime=2
2018-08-20 15:19:30.063 INFO  (qtp1908316405-20) [   x:news] o.a.s.c.S.Request [news]  webapp=/solr path=/select params={q=text:develop&_=1534777594530} hits=4 status=0 QTime=2
2018-08-20 15:21:17.245 INFO  (qtp1908316405-16) [   x:news] o.a.s.c.S.Request [news]  webapp=/solr path=/select params={q=plan&_=1534777594530} hits=1 status=0 QTime=3
2018-08-20 15:21:25.808 INFO  (qtp1908316405-18) [   x:news] o.a.s.c.S.Request [news]  webapp=/solr path=/select params={q=local&_=1534777594530} hits=362 status=0 QTime=2
2018-08-20 15:21:34.583 INFO  (qtp1908316405-15) [   x:news] o.a.s.c.S.Request [news]  webapp=/solr path=/select params={q=text:local&_=1534777594530} hits=6 status=0 QTime=1
2018-08-20 15:21:52.206 INFO  (qtp1908316405-18) [   x:news] o.a.s.c.S.Request [news]  webapp=/solr path=/select params={q=text:+Sirisena+AND+source:Newsfirst} hits=3 status=0 QTime=17
2018-08-20 15:22:14.393 INFO  (qtp1908316405-18) [   x:news] o.a.s.c.S.Request [news]  webapp=/solr path=/select params={q=text:+Sirisena+AND+(source:Newsfirst+OR+source:dailyft)} hits=7 status=0 QTime=17
2018-08-20 15:22:31.029 INFO  (qtp1908316405-14) [   x:news] o.a.s.c.S.Request [news]  webapp=/solr path=/select params={q=NOT+source:newsfirst+AND+category:local} hits=240 status=0 QTime=4
2018-08-20 15:22:48.885 INFO  (qtp1908316405-15) [   x:news] o.a.s.c.S.Request [news]  webapp=/solr path=/select params={q=source:newsfirst+AND+category:local} hits=122 status=0 QTime=2
2018-08-20 15:22:59.999 INFO  (qtp1908316405-14) [   x:news] o.a.s.c.S.Request [news]  webapp=/solr path=/select params={q=*&facet.field=source&facet=on} hits=562 status=0 QTime=62
2018-08-20 15:23:31.230 INFO  (qtp1908316405-19) [   x:news] o.a.s.c.S.Request [news]  webapp=/solr path=/select params={q=date:[2018-01-19T00:00:00Z+TO+2018-01-30T00:00:00Z]&fl=text,+date&sort=date+asc&rows=50} hits=30 status=0 QTime=52
2018-08-20 15:23:45.396 INFO  (qtp1908316405-15) [   x:news] o.a.s.c.S.Request [news]  webapp=/solr path=/select params={q=date:[2018-01-19T00:00:00Z+TO+2018-01-30T00:00:00Z]&fl=text,+date&sort=date+desc&rows=50} hits=30 status=0 QTime=2
2018-08-20 15:23:54.852 INFO  (qtp1908316405-12) [   x:news] o.a.s.c.S.Request [news]  webapp=/solr path=/select params={q=date:[2018-01-19T00:00:00Z+TO+2018-01-30T00:00:00Z]&fl=text,+date&sort=date+desc&rows=100} hits=30 status=0 QTime=1
2018-08-20 15:24:50.800 INFO  (qtp1908316405-21) [   x:news] o.a.s.c.S.Request [news]  webapp=/solr path=/select params={q=text:skills+%26%26+text:people&_=1534777594530} hits=1 status=0 QTime=3
2018-08-20 15:25:16.030 INFO  (qtp1908316405-15) [   x:news] o.a.s.c.S.Request [news]  webapp=/solr path=/select params={q=text:by+%26%26+text:skills&_=1534777594530} hits=4 status=0 QTime=3
2018-08-20 15:25:39.217 INFO  (qtp1908316405-19) [   x:news] o.a.s.c.S.Request [news]  webapp=/solr path=/select params={q=text:to+%26%26+text:for&_=1534777594530} hits=27 status=0 QTime=4
2018-08-20 15:26:25.224 INFO  (qtp1908316405-16) [   x:news] o.a.s.c.S.Request [news]  webapp=/solr path=/select params={q="to+for"~1} hits=0 status=0 QTime=13
2018-08-20 15:26:31.092 INFO  (qtp1908316405-15) [   x:news] o.a.s.c.S.Request [news]  webapp=/solr path=/select params={q="to+for"~2} hits=3 status=0 QTime=2
2018-08-20 15:27:04.662 INFO  (qtp1908316405-16) [   x:news] o.a.s.c.S.Request [news]  webapp=/solr path=/select params={q="for+to"~2} hits=6 status=0 QTime=1
2018-08-20 15:27:12.053 INFO  (qtp1908316405-20) [   x:news] o.a.s.c.S.Request [news]  webapp=/solr path=/select params={q="for+to"~1} hits=2 status=0 QTime=1
2018-08-20 15:27:56.175 INFO  (qtp1908316405-18) [   x:news] o.a.s.c.S.Request [news]  webapp=/solr path=/select params={q="for+to"~1} hits=2 status=0 QTime=0
2018-08-20 15:28:00.033 INFO  (qtp1908316405-13) [   x:news] o.a.s.c.S.Request [news]  webapp=/solr path=/select params={q="for+to"~2} hits=6 status=0 QTime=1
2018-08-20 15:28:20.428 INFO  (qtp1908316405-18) [   x:news] o.a.s.c.S.Request [news]  webapp=/solr path=/select params={q="for+to"~1} hits=2 status=0 QTime=0
2018-08-20 15:28:45.878 INFO  (qtp1908316405-15) [   x:news] o.a.s.c.S.Request [news]  webapp=/solr path=/select params={q=text:acc*&_=1534777594530} hits=9 status=0 QTime=6
2018-08-20 15:29:05.861 INFO  (qtp1908316405-18) [   x:news] o.a.s.c.S.Request [news]  webapp=/solr path=/select params={q=text:boo?&_=1534777594530} hits=3 status=0 QTime=2
2018-08-20 15:29:26.652 INFO  (qtp1908316405-15) [   x:news] o.a.s.c.S.Request [news]  webapp=/solr path=/select params={q=text:want&_=1534777594530} hits=3 status=0 QTime=1
2018-08-20 15:29:59.840 INFO  (qtp1908316405-15) [   x:news] o.a.s.c.S.Request [news]  webapp=/solr path=/select params={q=*:*&fl=text,date} hits=562 status=0 QTime=0
2018-08-20 15:30:19.396 INFO  (qtp1908316405-12) [   x:news] o.a.s.c.S.Request [news]  webapp=/solr path=/spell params={spellcheck.q=presiden&spellcheck=true} hits=0 status=0 QTime=12
2018-08-20 15:30:38.439 INFO  (qtp1908316405-16) [   x:news] o.a.s.c.S.Request [news]  webapp=/solr path=/select params={q=text:four&_=1534777594530} hits=84 status=0 QTime=0
2018-08-20 15:31:14.176 INFO  (qtp1908316405-15) [   x:news] o.a.s.c.S.Request [news]  webapp=/solr path=/select params={q=*&_=1534777594530} hits=562 status=0 QTime=0
2018-08-20 15:31:58.998 INFO  (qtp1908316405-16) [   x:news] o.a.s.c.S.Request [news]  webapp=/solr path=/select params={q=president&_=1534777594530} hits=21 status=0 QTime=2
2018-08-20 15:32:04.887 INFO  (qtp1908316405-14) [   x:news] o.a.s.c.S.Request [news]  webapp=/solr path=/select params={q=local&_=1534777594530} hits=362 status=0 QTime=1
2018-08-20 15:32:37.073 INFO  (qtp1908316405-14) [   x:news] o.a.s.c.S.Request [news]  webapp=/solr path=/select params={q=*:*&facet.field=category&rows=0&facet=true} hits=562 status=0 QTime=2
2018-08-20 15:33:15.821 INFO  (qtp1908316405-16) [   x:news] o.a.s.c.S.Request [news]  webapp=/solr path=/select params={q=text:want&_=1534777594530} hits=3 status=0 QTime=0
2018-08-20 15:36:03.924 INFO  (qtp1908316405-19) [   x:news] o.a.s.c.S.Request [news]  webapp=/solr path=/select params={q=text:+Sirisena+AND+source:Newsfirst} hits=3 status=0 QTime=1
2018-08-20 15:36:23.704 INFO  (qtp1908316405-19) [   x:news] o.a.s.c.S.Request [news]  webapp=/solr path=/select params={q=text:+Sirisena+AND+(source:Newsfirst+OR+source:dailyft)} hits=7 status=0 QTime=1
2018-08-20 15:36:42.387 INFO  (qtp1908316405-15) [   x:news] o.a.s.c.S.Request [news]  webapp=/solr path=/select params={q=NOT+source:newsfirst+AND+category:local} hits=240 status=0 QTime=1
2018-08-20 15:36:53.102 INFO  (qtp1908316405-15) [   x:news] o.a.s.c.S.Request [news]  webapp=/solr path=/select params={q=source:newsfirst+AND+category:local} hits=122 status=0 QTime=1
2018-08-20 15:37:05.301 INFO  (qtp1908316405-12) [   x:news] o.a.s.c.S.Request [news]  webapp=/solr path=/select params={q=*&facet.field=source&facet=on} hits=562 status=0 QTime=2
2018-08-20 15:37:24.823 INFO  (qtp1908316405-12) [   x:news] o.a.s.c.S.Request [news]  webapp=/solr path=/select params={q=*:*&sort=date+desc} hits=562 status=0 QTime=2
2018-08-20 15:37:49.865 INFO  (qtp1908316405-19) [   x:news] o.a.s.c.S.Request [news]  webapp=/solr path=/select params={q=*:*&sort=date+desc&rows=20} hits=562 status=0 QTime=0
2018-08-20 15:38:04.416 INFO  (qtp1908316405-19) [   x:news] o.a.s.c.S.Request [news]  webapp=/solr path=/select params={q=*:*&sort=date+desc&rows=50} hits=562 status=0 QTime=2
2018-08-20 15:38:25.066 INFO  (qtp1908316405-20) [   x:news] o.a.s.c.S.Request [news]  webapp=/solr path=/select params={q=*:*&fl=text,date} hits=562 status=0 QTime=0
2018-08-20 15:38:39.218 INFO  (qtp1908316405-13) [   x:news] o.a.s.c.S.Request [news]  webapp=/solr path=/select params={q=text:acc*&_=1534777594530} hits=9 status=0 QTime=1
2018-08-20 15:38:51.446 INFO  (qtp1908316405-12) [   x:news] o.a.s.c.S.Request [news]  webapp=/solr path=/select params={q=text:boo?&_=1534777594530} hits=3 status=0 QTime=4
2018-08-20 15:39:07.791 INFO  (qtp1908316405-12) [   x:news] o.a.s.c.S.Request [news]  webapp=/solr path=/select params={q="for+to"~1} hits=2 status=0 QTime=0
2018-08-20 15:39:16.375 INFO  (qtp1908316405-13) [   x:news] o.a.s.c.S.Request [news]  webapp=/solr path=/select params={q="for+to"~2} hits=6 status=0 QTime=0
2018-08-20 15:39:50.326 INFO  (qtp1908316405-12) [   x:news] o.a.s.c.S.Request [news]  webapp=/solr path=/select params={q=date:[2018-01-19T00:00:00Z+TO+2018-01-30T00:00:00Z]&fl=text,+date&sort=date+asc&rows=50} hits=30 status=0 QTime=1
2018-08-20 15:41:03.208 ERROR (qtp1908316405-16) [   x:news] o.a.s.h.RequestHandlerBase java.lang.NumberFormatException: For input string: "-"
	at java.lang.NumberFormatException.forInputString(NumberFormatException.java:65)
	at java.lang.Long.parseLong(Long.java:581)
	at java.lang.Long.parseLong(Long.java:631)
	at org.apache.solr.search.StrParser.getNumber(StrParser.java:123)
	at org.apache.solr.search.FunctionQParser.parseValueSource(FunctionQParser.java:300)
	at org.apache.solr.search.FunctionQParser.parse(FunctionQParser.java:82)
	at org.apache.solr.search.QParser.getQuery(QParser.java:169)
	at org.apache.solr.search.SolrReturnFields.add(SolrReturnFields.java:302)
	at org.apache.solr.search.SolrReturnFields.parseFieldList(SolrReturnFields.java:114)
	at org.apache.solr.search.SolrReturnFields.<init>(SolrReturnFields.java:100)
	at org.apache.solr.search.SolrReturnFields.<init>(SolrReturnFields.java:76)
	at org.apache.solr.handler.component.QueryComponent.prepare(QueryComponent.java:139)
	at org.apache.solr.handler.component.SearchHandler.handleRequestBody(SearchHandler.java:269)
	at org.apache.solr.handler.RequestHandlerBase.handleRequest(RequestHandlerBase.java:195)
	at org.apache.solr.core.SolrCore.execute(SolrCore.java:2503)
	at org.apache.solr.servlet.HttpSolrCall.execute(HttpSolrCall.java:711)
	at org.apache.solr.servlet.HttpSolrCall.call(HttpSolrCall.java:517)
	at org.apache.solr.servlet.SolrDispatchFilter.doFilter(SolrDispatchFilter.java:384)
	at org.apache.solr.servlet.SolrDispatchFilter.doFilter(SolrDispatchFilter.java:330)
	at org.eclipse.jetty.servlet.ServletHandler$CachedChain.doFilter(ServletHandler.java:1629)
	at org.eclipse.jetty.servlet.ServletHandler.doHandle(ServletHandler.java:533)
	at org.eclipse.jetty.server.handler.ScopedHandler.handle(ScopedHandler.java:143)
	at org.eclipse.jetty.security.SecurityHandler.handle(SecurityHandler.java:548)
	at org.eclipse.jetty.server.handler.HandlerWrapper.handle(HandlerWrapper.java:132)
	at org.eclipse.jetty.server.handler.ScopedHandler.nextHandle(ScopedHandler.java:190)
	at org.eclipse.jetty.server.session.SessionHandler.doHandle(SessionHandler.java:1595)
	at org.eclipse.jetty.server.handler.ScopedHandler.nextHandle(ScopedHandler.java:188)
	at org.eclipse.jetty.server.handler.ContextHandler.doHandle(ContextHandler.java:1253)
	at org.eclipse.jetty.server.handler.ScopedHandler.nextScope(ScopedHandler.java:168)
	at org.eclipse.jetty.servlet.ServletHandler.doScope(ServletHandler.java:473)
	at org.eclipse.jetty.server.session.SessionHandler.doScope(SessionHandler.java:1564)
	at org.eclipse.jetty.server.handler.ScopedHandler.nextScope(ScopedHandler.java:166)
	at org.eclipse.jetty.server.handler.ContextHandler.doScope(ContextHandler.java:1155)
	at org.eclipse.jetty.server.handler.ScopedHandler.handle(ScopedHandler.java:141)
	at org.eclipse.jetty.server.handler.ContextHandlerCollection.handle(ContextHandlerCollection.java:219)
	at org.eclipse.jetty.server.handler.HandlerCollection.handle(HandlerCollection.java:126)
	at org.eclipse.jetty.server.handler.HandlerWrapper.handle(HandlerWrapper.java:132)
	at org.eclipse.jetty.rewrite.handler.RewriteHandler.handle(RewriteHandler.java:335)
	at org.eclipse.jetty.server.handler.HandlerWrapper.handle(HandlerWrapper.java:132)
	at org.eclipse.jetty.server.Server.handle(Server.java:530)
	at org.eclipse.jetty.server.HttpChannel.handle(HttpChannel.java:347)
	at org.eclipse.jetty.server.HttpConnection.onFillable(HttpConnection.java:256)
	at org.eclipse.jetty.io.AbstractConnection$ReadCallback.succeeded(AbstractConnection.java:279)
	at org.eclipse.jetty.io.FillInterest.fillable(FillInterest.java:102)
	at org.eclipse.jetty.io.ChannelEndPoint$2.run(ChannelEndPoint.java:124)
	at org.eclipse.jetty.util.thread.strategy.EatWhatYouKill.doProduce(EatWhatYouKill.java:247)
	at org.eclipse.jetty.util.thread.strategy.EatWhatYouKill.produce(EatWhatYouKill.java:140)
	at org.eclipse.jetty.util.thread.strategy.EatWhatYouKill.run(EatWhatYouKill.java:131)
	at org.eclipse.jetty.util.thread.ReservedThreadExecutor$ReservedThread.run(ReservedThreadExecutor.java:382)
	at org.eclipse.jetty.util.thread.QueuedThreadPool.runJob(QueuedThreadPool.java:708)
	at org.eclipse.jetty.util.thread.QueuedThreadPool$2.run(QueuedThreadPool.java:626)
	at java.lang.Thread.run(Thread.java:748)

2018-08-20 15:41:03.209 INFO  (qtp1908316405-16) [   x:news] o.a.s.c.S.Request [news]  webapp=/solr path=/select params={q=text:four&q=*+Sorting+By+date+asc+or+desc+http://localhost:8983/solr/news/select?q%3D*:*&q=date:[2018-01-19T00:00:00Z+TO+2018-01-30T00:00:00Z]&q=text:four&hl=on&spellcheck=true+Uses+the+DirectSolrSpellChecker+without+building+a+parallel+index+terms+are+always+up-to-date+with+terms+in+the+index+relatively+little+analysis+performed+on+it+(particularly+analysis+such+as+stemming)+apply+on+text:+<str+name%3D"field">text</str>+accuracy+setting+defines+the+threshold+for+a+valid+suggestion:+<float+name%3D"accuracy">0.5</float>+minPrefix+defines+the+minimum+number+of+characters+the+terms+should+share:+<int+name%3D"minPrefix">1</int>+minQueryLength+defines+how+many+characters+must+be+in+the+query+before+suggestions+are+provided:+<int+name%3D"minQueryLength">3</int>+Synonyms+ex.+need+and+want+<analyzer+type%3D"index">+<tokenizer+class%3D"solr.StandardTokenizerFactory"/>+<filter+class%3D"solr.SynonymGraphFilterFactory"+synonyms%3D"mysynonyms.txt"/>+<filter+class%3D"solr.FlattenGraphFilterFactory"/>+<!--+required+on+index+analyzers+after+graph+filters+-->+</analyzer>+<analyzer+type%3D"query">+<tokenizer+class%3D"solr.StandardTokenizerFactory"/>+<filter+class%3D"solr.SynonymGraphFilterFactory"+synonyms%3D"mysynonyms.txt"/>+</analyzer>&fl=textDefine+field+using+schema+API+Text:+curl+-X+POST+-H+'Content-type:application/json'+--data-binary+'{"add-field":+{"name":"text",+"type":"text_general",+"multiValued":false,+"stored":true}}'+http://localhost:8983/solr/news/schema+category:+curl+-X+POST+-H+'Content-type:application/json'+--data-binary+'{"add-field":+{"name":"category",+"type":"text_general",+"multiValued":false,+"stored":true}}'+http://localhost:8983/solr/news/schema+ERROR+in+date+date:+curl+-X+POST+-H+'Content-type:application/json'+--data-binary+'{"add-field":+{"name":"date",+"type":"date",+"multiValued":false,+"stored":true}}'+http://localhost:8983/solr/news/schema+Create+a+"catchall"+Copy+Field+We+would+need+to+define+a+field+to+search+for+every+query.+We+can,+however,+set+up+a+"catchall+field"+by+defining+a+copy+field+that+will+take+all+data+from+all+fields+and+index+it+into+a+field+named+_text_.+Let’s+do+that+now.+curl+-X+POST+-H+'Content-type:application/json'+--data-binary+'{"add-copy-field"+:+{"source":"*","dest":"_text_"}}'+http://localhost:8983/solr/news/schema+Stemming+Use+“develop”+as+ex+<fieldType+name%3D"mytext"+class%3D"solr.TextField"+positionIncrementGap%3D"100"+multiValued%3D"true">+<analyzer+type%3D"index">+<tokenizer+class%3D"solr.StandardTokenizerFactory"/>+<filter+class%3D"solr.StopFilterFactory"+words%3D"stopwords.txt"+ignoreCase%3D"true"/>+<filter+class%3D"solr.LowerCaseFilterFactory"/>+<filter+class%3D"solr.PorterStemFilterFactory"+/>+</analyzer>+<analyzer+type%3D"query">+<tokenizer+class%3D"solr.StandardTokenizerFactory"/>+<filter+class%3D"solr.StopFilterFactory"+words%3D"stopwords.txt"+ignoreCase%3D"true"/>+<filter+class%3D"solr.SynonymGraphFilterFactory"+expand%3D"true"+ignoreCase%3D"true"+synonyms%3D"synonyms.txt"/>+<filter+class%3D"solr.LowerCaseFilterFactory"/>+</analyzer>+</fieldType>+AND+operation+http://localhost:8983/solr/news/select?q%3Dtext:+Sirisena+AND+source:Newsfirst+OR+operation+http://localhost:8983/solr/news/select?q%3Dtext:+Sirisena+AND+(source:Newsfirst+OR+source:dailyft)+NOT+operation+http://localhost:8983/solr/news/select?q%3DNOT+source:newsfirst+AND+category:local+Count+unique+values+(facet)+Count+items+from+each+news+provider+http://localhost:8983/solr/news/select?facet.field%3Dsource&fl=text,date+Standerd+query+parser+is+used+options:+DisMax,+extended+DisMax+wild+card+search+Multi+charactor+http://localhost:8983/solr/news/select?q%3Dacc*+Single+character+http://localhost:8983/solr/news/select?q%3Dboo?+Proximity+search+For+&fl=text+response+is+highlighted+for+the+search+words+in+response+Spell+checker+http://localhost:8983/solr/news/spell?spellcheck.q%3Dpresiden&to+in+distance+1+http://localhost:8983/solr/news/select?q="for+to"~1+Range+Search+http://localhost:8983/solr/news/select?fl%3Dtext,+date&hl.fl=text&hl.fl=text&sort=date+desc+Pagination+20+raws+per+page+http://localhost:8983/solr/news/select?q%3D*:*&sort=date+desc&sort=date+asc+inclusive+%3D+[]+exclusive+%3D+{}+phonetic+encorder+with+soundex+algo+<filter+class%3D"solr.PhoneticFilterFactory"+encoder%3D"Soundex"/>+search+for+“four”+Highlighting+result+http://localhost:8983/solr/news/select?hl%3Don&rows=20+Filter+only+certain+fields+Only+text+and+date+http://localhost:8983/solr/news/select?q%3D*:*&rows=50&facet=on} status=500 QTime=20
2018-08-20 15:41:03.224 ERROR (qtp1908316405-16) [   x:news] o.a.s.s.HttpSolrCall null:java.lang.NumberFormatException: For input string: "-"
	at java.lang.NumberFormatException.forInputString(NumberFormatException.java:65)
	at java.lang.Long.parseLong(Long.java:581)
	at java.lang.Long.parseLong(Long.java:631)
	at org.apache.solr.search.StrParser.getNumber(StrParser.java:123)
	at org.apache.solr.search.FunctionQParser.parseValueSource(FunctionQParser.java:300)
	at org.apache.solr.search.FunctionQParser.parse(FunctionQParser.java:82)
	at org.apache.solr.search.QParser.getQuery(QParser.java:169)
	at org.apache.solr.search.SolrReturnFields.add(SolrReturnFields.java:302)
	at org.apache.solr.search.SolrReturnFields.parseFieldList(SolrReturnFields.java:114)
	at org.apache.solr.search.SolrReturnFields.<init>(SolrReturnFields.java:100)
	at org.apache.solr.search.SolrReturnFields.<init>(SolrReturnFields.java:76)
	at org.apache.solr.handler.component.QueryComponent.prepare(QueryComponent.java:139)
	at org.apache.solr.handler.component.SearchHandler.handleRequestBody(SearchHandler.java:269)
	at org.apache.solr.handler.RequestHandlerBase.handleRequest(RequestHandlerBase.java:195)
	at org.apache.solr.core.SolrCore.execute(SolrCore.java:2503)
	at org.apache.solr.servlet.HttpSolrCall.execute(HttpSolrCall.java:711)
	at org.apache.solr.servlet.HttpSolrCall.call(HttpSolrCall.java:517)
	at org.apache.solr.servlet.SolrDispatchFilter.doFilter(SolrDispatchFilter.java:384)
	at org.apache.solr.servlet.SolrDispatchFilter.doFilter(SolrDispatchFilter.java:330)
	at org.eclipse.jetty.servlet.ServletHandler$CachedChain.doFilter(ServletHandler.java:1629)
	at org.eclipse.jetty.servlet.ServletHandler.doHandle(ServletHandler.java:533)
	at org.eclipse.jetty.server.handler.ScopedHandler.handle(ScopedHandler.java:143)
	at org.eclipse.jetty.security.SecurityHandler.handle(SecurityHandler.java:548)
	at org.eclipse.jetty.server.handler.HandlerWrapper.handle(HandlerWrapper.java:132)
	at org.eclipse.jetty.server.handler.ScopedHandler.nextHandle(ScopedHandler.java:190)
	at org.eclipse.jetty.server.session.SessionHandler.doHandle(SessionHandler.java:1595)
	at org.eclipse.jetty.server.handler.ScopedHandler.nextHandle(ScopedHandler.java:188)
	at org.eclipse.jetty.server.handler.ContextHandler.doHandle(ContextHandler.java:1253)
	at org.eclipse.jetty.server.handler.ScopedHandler.nextScope(ScopedHandler.java:168)
	at org.eclipse.jetty.servlet.ServletHandler.doScope(ServletHandler.java:473)
	at org.eclipse.jetty.server.session.SessionHandler.doScope(SessionHandler.java:1564)
	at org.eclipse.jetty.server.handler.ScopedHandler.nextScope(ScopedHandler.java:166)
	at org.eclipse.jetty.server.handler.ContextHandler.doScope(ContextHandler.java:1155)
	at org.eclipse.jetty.server.handler.ScopedHandler.handle(ScopedHandler.java:141)
	at org.eclipse.jetty.server.handler.ContextHandlerCollection.handle(ContextHandlerCollection.java:219)
	at org.eclipse.jetty.server.handler.HandlerCollection.handle(HandlerCollection.java:126)
	at org.eclipse.jetty.server.handler.HandlerWrapper.handle(HandlerWrapper.java:132)
	at org.eclipse.jetty.rewrite.handler.RewriteHandler.handle(RewriteHandler.java:335)
	at org.eclipse.jetty.server.handler.HandlerWrapper.handle(HandlerWrapper.java:132)
	at org.eclipse.jetty.server.Server.handle(Server.java:530)
	at org.eclipse.jetty.server.HttpChannel.handle(HttpChannel.java:347)
	at org.eclipse.jetty.server.HttpConnection.onFillable(HttpConnection.java:256)
	at org.eclipse.jetty.io.AbstractConnection$ReadCallback.succeeded(AbstractConnection.java:279)
	at org.eclipse.jetty.io.FillInterest.fillable(FillInterest.java:102)
	at org.eclipse.jetty.io.ChannelEndPoint$2.run(ChannelEndPoint.java:124)
	at org.eclipse.jetty.util.thread.strategy.EatWhatYouKill.doProduce(EatWhatYouKill.java:247)
	at org.eclipse.jetty.util.thread.strategy.EatWhatYouKill.produce(EatWhatYouKill.java:140)
	at org.eclipse.jetty.util.thread.strategy.EatWhatYouKill.run(EatWhatYouKill.java:131)
	at org.eclipse.jetty.util.thread.ReservedThreadExecutor$ReservedThread.run(ReservedThreadExecutor.java:382)
	at org.eclipse.jetty.util.thread.QueuedThreadPool.runJob(QueuedThreadPool.java:708)
	at org.eclipse.jetty.util.thread.QueuedThreadPool$2.run(QueuedThreadPool.java:626)
	at java.lang.Thread.run(Thread.java:748)

2018-08-20 15:41:10.522 INFO  (qtp1908316405-14) [   x:news] o.a.s.c.S.Request [news]  webapp=/solr path=/select params={q=text:four&_=1534777594530} hits=84 status=0 QTime=1
2018-08-20 15:47:41.351 INFO  (qtp1908316405-15) [   x:news] o.a.s.c.S.Request [news]  webapp=/solr path=/select params={q=text:+Sirisena+AND+source:Newsfirst} hits=3 status=0 QTime=1
2018-08-20 15:47:55.168 INFO  (qtp1908316405-15) [   x:news] o.a.s.c.S.Request [news]  webapp=/solr path=/select params={q=text:+Sirisena} hits=7 status=0 QTime=0
2018-08-20 15:48:26.105 INFO  (qtp1908316405-15) [   x:news] o.a.s.c.S.Request [news]  webapp=/solr path=/select params={q=text:+Sirisena+AND+(source:Newsfirst+OR+source:dailyft)} hits=7 status=0 QTime=1
2018-08-20 15:49:03.426 INFO  (qtp1908316405-16) [   x:news] o.a.s.c.S.Request [news]  webapp=/solr path=/select params={q=NOT+source:newsfirst+AND+category:local} hits=240 status=0 QTime=1
2018-08-20 15:49:14.054 INFO  (qtp1908316405-12) [   x:news] o.a.s.c.S.Request [news]  webapp=/solr path=/select params={q=source:newsfirst+AND+category:local} hits=122 status=0 QTime=0
2018-08-20 15:49:57.388 INFO  (qtp1908316405-16) [   x:news] o.a.s.c.S.Request [news]  webapp=/solr path=/select params={q=*&facet.field=source&facet=on} hits=562 status=0 QTime=0
2018-08-20 15:50:35.714 INFO  (qtp1908316405-12) [   x:news] o.a.s.c.S.Request [news]  webapp=/solr path=/select params={q=*:*&sort=date+desc} hits=562 status=0 QTime=0
2018-08-20 15:51:16.688 INFO  (qtp1908316405-18) [   x:news] o.a.s.c.S.Request [news]  webapp=/solr path=/select params={q=*:*&sort=date+desc&rows=50} hits=562 status=0 QTime=0
2018-08-20 15:51:59.648 INFO  (qtp1908316405-12) [   x:news] o.a.s.c.S.Request [news]  webapp=/solr path=/select params={q=*:*&fl=text,date} hits=562 status=0 QTime=0
2018-08-20 15:53:10.216 INFO  (qtp1908316405-16) [   x:news] o.a.s.c.S.Request [news]  webapp=/solr path=/select params={q=acc*} hits=9 status=0 QTime=4
2018-08-20 15:53:27.020 INFO  (qtp1908316405-14) [   x:news] o.a.s.c.S.Request [news]  webapp=/solr path=/select params={q=boo?} hits=3 status=0 QTime=0
2018-08-20 15:54:16.020 INFO  (qtp1908316405-15) [   x:news] o.a.s.c.S.Request [news]  webapp=/solr path=/select params={q="for+to"~1} hits=2 status=0 QTime=0
2018-08-20 15:54:24.319 INFO  (qtp1908316405-18) [   x:news] o.a.s.c.S.Request [news]  webapp=/solr path=/select params={q="for+to"~2} hits=6 status=0 QTime=0
2018-08-20 15:55:12.629 INFO  (qtp1908316405-18) [   x:news] o.a.s.c.S.Request [news]  webapp=/solr path=/select params={q=date:[2018-01-19T00:00:00Z+TO+2018-01-30T00:00:00Z]&fl=text,+date&sort=date+asc&rows=50} hits=30 status=0 QTime=1
2018-08-20 15:56:04.717 INFO  (qtp1908316405-12) [   x:news] o.a.s.c.S.Request [news]  webapp=/solr path=/select params={q=text:four&_=1534777594530} hits=84 status=0 QTime=0
2018-08-20 15:56:05.731 INFO  (qtp1908316405-16) [   x:news] o.a.s.c.S.Request [news]  webapp=/solr path=/select params={q=text:four&_=1534777594530} hits=84 status=0 QTime=1
2018-08-20 15:57:00.423 INFO  (qtp1908316405-15) [   x:news] o.a.s.c.S.Request [news]  webapp=/solr path=/select params={q=text:four&hl=on&fl=text&hl.fl=text} hits=84 status=0 QTime=20
2018-08-20 15:57:27.442 INFO  (qtp1908316405-12) [   x:news] o.a.s.c.S.Request [news]  webapp=/solr path=/spell params={spellcheck.q=presiden&spellcheck=true} hits=0 status=0 QTime=13
2018-08-20 15:59:00.324 INFO  (qtp1908316405-21) [   x:news] o.a.s.c.S.Request [news]  webapp=/solr path=/select params={q=text:want&_=1534777594530} hits=3 status=0 QTime=0
2018-08-20 16:00:46.999 INFO  (ShutdownMonitor) [   ] o.a.s.c.CoreContainer Shutting down CoreContainer instance=294247762
2018-08-20 16:00:46.999 INFO  (ShutdownMonitor) [   ] o.a.s.m.SolrMetricManager Closing metric reporters for registry=solr.node, tag=null
2018-08-20 16:00:46.999 INFO  (ShutdownMonitor) [   ] o.a.s.m.SolrMetricManager Closing metric reporters for registry=solr.jvm, tag=null
2018-08-20 16:00:46.999 INFO  (ShutdownMonitor) [   ] o.a.s.m.SolrMetricManager Closing metric reporters for registry=solr.jetty, tag=null
2018-08-20 16:00:47.001 INFO  (coreCloseExecutor-13-thread-1) [   x:news] o.a.s.c.SolrCore [news]  CLOSING SolrCore org.apache.solr.core.SolrCore@78e2a9f8
2018-08-20 16:00:47.001 INFO  (coreCloseExecutor-13-thread-1) [   x:news] o.a.s.m.SolrMetricManager Closing metric reporters for registry=solr.core.news, tag=2028120568
